#
# There is insufficient memory for the Java Runtime Environment to continue.
# Native memory allocation (malloc) failed to allocate 1670016 bytes for Chunk::new
# Possible reasons:
#   The system is out of physical RAM or swap space
#   In 32 bit mode, the process size limit was hit
# Possible solutions:
#   Reduce memory load on the system
#   Increase physical memory or swap space
#   Check if swap backing store is full
#   Use 64 bit Java on a 64 bit OS
#   Decrease Java heap size (-Xmx/-Xms)
#   Decrease number of Java threads
#   Decrease Java thread stack sizes (-Xss)
#   Set larger code cache with -XX:ReservedCodeCacheSize=
# This output file may be truncated or incomplete.
#
#  Out of Memory Error (allocation.cpp:390), pid=28452, tid=23644
#
# JRE version: Java(TM) SE Runtime Environment (8.0_66-b18) (build 1.8.0_66-b18)
# Java VM: Java HotSpot(TM) 64-Bit Server VM (25.66-b18 mixed mode windows-amd64 compressed oops)
# Failed to write core dump. Minidumps are not enabled by default on client versions of Windows
#

---------------  T H R E A D  ---------------

Current thread (0x0000000017026800):  JavaThread "C2 CompilerThread0" daemon [_thread_in_native, id=23644, stack(0x0000000017600000,0x0000000017700000)]

Stack: [0x0000000017600000,0x0000000017700000]
[error occurred during error reporting (printing stack bounds), id 0xc0000005]

Native frames: (J=compiled Java code, j=interpreted, Vv=VM code, C=native code)


Current CompileTask:
C2:   2179 1273   !   4       com.android.dx.cf.code.BytecodeArray::parseInstruction (2764 bytes)


---------------  P R O C E S S  ---------------

Java Threads: ( => current thread )
  0x0000000017c54800 JavaThread "pool-2-thread-4" [_thread_blocked, id=26128, stack(0x0000000018800000,0x0000000018900000)]
  0x0000000017c54000 JavaThread "pool-2-thread-3" [_thread_blocked, id=15684, stack(0x0000000018700000,0x0000000018800000)]
  0x0000000017c50000 JavaThread "pool-2-thread-2" [_thread_blocked, id=2924, stack(0x0000000018600000,0x0000000018700000)]
  0x0000000017c4f800 JavaThread "pool-3-thread-1" [_thread_blocked, id=27684, stack(0x0000000018500000,0x0000000018600000)]
  0x0000000017c53000 JavaThread "pool-2-thread-1" [_thread_blocked, id=23448, stack(0x0000000018400000,0x0000000018500000)]
  0x00000000170d6800 JavaThread "Service Thread" daemon [_thread_blocked, id=27744, stack(0x0000000017a00000,0x0000000017b00000)]
  0x0000000017041000 JavaThread "C1 CompilerThread3" daemon [_thread_blocked, id=15008, stack(0x0000000017900000,0x0000000017a00000)]
  0x000000001703d800 JavaThread "C2 CompilerThread2" daemon [_thread_in_native, id=22408, stack(0x0000000017800000,0x0000000017900000)]
  0x000000001702f000 JavaThread "C2 CompilerThread1" daemon [_thread_in_native, id=15236, stack(0x0000000017700000,0x0000000017800000)]
=>0x0000000017026800 JavaThread "C2 CompilerThread0" daemon [_thread_in_native, id=23644, stack(0x0000000017600000,0x0000000017700000)]
  0x0000000017024800 JavaThread "Attach Listener" daemon [_thread_blocked, id=27572, stack(0x0000000017500000,0x0000000017600000)]
  0x0000000017023800 JavaThread "Signal Dispatcher" daemon [_thread_blocked, id=12236, stack(0x0000000017400000,0x0000000017500000)]
  0x0000000002419000 JavaThread "Finalizer" daemon [_thread_blocked, id=4516, stack(0x0000000016e20000,0x0000000016f20000)]
  0x0000000002412000 JavaThread "Reference Handler" daemon [_thread_blocked, id=21988, stack(0x0000000016d20000,0x0000000016e20000)]
  0x0000000002320800 JavaThread "main" [_thread_blocked, id=21044, stack(0x0000000002220000,0x0000000002320000)]

Other Threads:
  0x0000000014f39800 VMThread [stack: 0x0000000016c20000,0x0000000016d20000] [id=12244]
  0x000000001708c000 WatcherThread [stack: 0x0000000017b00000,0x0000000017c00000] [id=28120]

VM state:not at safepoint (normal execution)

VM Mutex/Monitor currently owned by a thread: None

Heap:
 PSYoungGen      total 76288K, used 48754K [0x00000000eab00000, 0x00000000f0000000, 0x0000000100000000)
  eden space 65536K, 74% used [0x00000000eab00000,0x00000000eda9ca60,0x00000000eeb00000)
  from space 10752K, 0% used [0x00000000ef580000,0x00000000ef580000,0x00000000f0000000)
  to   space 10752K, 0% used [0x00000000eeb00000,0x00000000eeb00000,0x00000000ef580000)
 ParOldGen       total 175104K, used 0K [0x00000000c0000000, 0x00000000cab00000, 0x00000000eab00000)
  object space 175104K, 0% used [0x00000000c0000000,0x00000000c0000000,0x00000000cab00000)
 Metaspace       used 6044K, capacity 6960K, committed 7040K, reserved 1056768K
  class space    used 595K, capacity 616K, committed 640K, reserved 1048576K

Card table byte_map: [0x00000000117e0000,0x00000000119f0000] byte_map_base: 0x00000000111e0000

Marking Bits: (ParMarkBitMap*) 0x000000006005a5b0
 Begin Bits: [0x0000000012350000, 0x0000000013350000)
 End Bits:   [0x0000000013350000, 0x0000000014350000)

Polling page: 0x0000000000890000

CodeCache: size=245760Kb used=5474Kb max_used=5474Kb free=240285Kb
 bounds [0x0000000002420000, 0x0000000002980000, 0x0000000011420000]
 total_blobs=1635 nmethods=1366 adapters=182
 compilation: enabled

Compilation events (10 events):
Event: 2.174 Thread 0x0000000017041000 nmethod 1367 0x000000000297bb10 code [0x000000000297bd00, 0x000000000297c538]
Event: 2.174 Thread 0x0000000017041000 1372       3       java.util.concurrent.locks.AbstractQueuedSynchronizer$ConditionObject::signal (33 bytes)
Event: 2.174 Thread 0x0000000017041000 nmethod 1372 0x000000000297c990 code [0x000000000297cb20, 0x000000000297ce88]
Event: 2.174 Thread 0x0000000017041000 1371       3       com.android.dx.rop.type.Type::isReference (15 bytes)
Event: 2.174 Thread 0x0000000017041000 nmethod 1371 0x000000000297cfd0 code [0x000000000297d120, 0x000000000297d2d0]
Event: 2.174 Thread 0x0000000017041000 1369       3       com.android.dx.ssa.ConstCollector::process (14 bytes)
Event: 2.175 Thread 0x0000000017041000 nmethod 1369 0x000000000297d350 code [0x000000000297d4c0, 0x000000000297d748]
Event: 2.177 Thread 0x0000000017041000 1374       3       com.android.dx.rop.type.Type::<init> (84 bytes)
Event: 2.177 Thread 0x0000000017041000 nmethod 1374 0x000000000297d890 code [0x000000000297da40, 0x000000000297df68]
Event: 2.177 Thread 0x0000000017041000 1375   !   3       com.android.dx.rop.type.Type::putIntern (50 bytes)

GC Heap History (0 events):
No events

Deoptimization events (9 events):
Event: 0.274 Thread 0x0000000002320800 Uncommon trap: reason=unstable_if action=reinterpret pc=0x000000000256e5d4 method=java.lang.String.compareTo(Ljava/lang/String;)I @ 38
Event: 0.679 Thread 0x0000000017c50000 Uncommon trap: reason=unstable_if action=reinterpret pc=0x0000000002642670 method=java.util.BitSet.nextSetBit(I)I @ 87
Event: 0.682 Thread 0x0000000017c50000 Uncommon trap: reason=unstable_if action=reinterpret pc=0x000000000262fae4 method=java.util.HashMap.getNode(ILjava/lang/Object;)Ljava/util/HashMap$Node; @ 129
Event: 0.688 Thread 0x0000000017c50000 Uncommon trap: reason=class_check action=maybe_recompile pc=0x000000000265be30 method=com.android.dx.ssa.NormalSsaInsn.accept(Lcom/android/dx/ssa/SsaInsn$Visitor;)V @ 9
Event: 0.697 Thread 0x0000000017c50000 Uncommon trap: reason=class_check action=maybe_recompile pc=0x000000000265be30 method=com.android.dx.ssa.NormalSsaInsn.accept(Lcom/android/dx/ssa/SsaInsn$Visitor;)V @ 9
Event: 0.720 Thread 0x0000000017c54800 Uncommon trap: reason=class_check action=maybe_recompile pc=0x000000000265be30 method=com.android.dx.ssa.NormalSsaInsn.accept(Lcom/android/dx/ssa/SsaInsn$Visitor;)V @ 9
Event: 0.720 Thread 0x0000000017c54800 Uncommon trap: reason=class_check action=maybe_recompile pc=0x000000000265be30 method=com.android.dx.ssa.NormalSsaInsn.accept(Lcom/android/dx/ssa/SsaInsn$Visitor;)V @ 9
Event: 0.820 Thread 0x0000000017c54800 Uncommon trap: reason=unstable_if action=reinterpret pc=0x00000000026cefe4 method=com.android.dx.rop.code.LocalItem.hashCode()I @ 25
Event: 1.739 Thread 0x0000000002320800 Uncommon trap: reason=null_check action=make_not_entrant pc=0x00000000027a8c98 method=com.android.dx.ssa.SsaRenamer.getLocalForNewReg(I)Lcom/android/dx/rop/code/LocalItem; @ 19

Internal exceptions (3 events):
Event: 0.088 Thread 0x0000000002320800 Exception <a 'java/lang/NoSuchMethodError': Method sun.misc.Unsafe.defineClass(Ljava/lang/String;[BII)Ljava/lang/Class; name or signature does not match> (0x00000000eab0d6b8) thrown at [C:\re\workspace\8-2-build-windows-amd64-cygwin\jdk8u66\5298\hotspot\srÎ%`µﬂÉ∂?
Event: 0.088 Thread 0x0000000002320800 Exception <a 'java/lang/NoSuchMethodError': Method sun.misc.Unsafe.prefetchRead(Ljava/lang/Object;J)V name or signature does not match> (0x00000000eab0d9a0) thrown at [C:\re\workspace\8-2-build-windows-amd64-cygwin\jdk8u66\5298\hotspot\src\share\vm\prims\jìzÒ‹Å”˚?
Event: 1.739 Thread 0x0000000002320800 Implicit null exception at 0x00000000027a6d0a to 0x00000000027a8c4d

Events (10 events):
Event: 1.456 loading class java/util/TreeMap$EntryIterator done
Event: 1.456 Executing VM operation: Deoptimize
Event: 1.457 Executing VM operation: Deoptimize done
Event: 1.739 Thread 0x0000000002320800 Uncommon trap: trap_request=0xfffffff4 fr.pc=0x00000000027a8c98
Event: 1.739 Thread 0x0000000002320800 DEOPT PACKING pc=0x00000000027a8c98 sp=0x000000000231e040
Event: 1.739 Thread 0x0000000002320800 DEOPT UNPACKING pc=0x000000000246582a sp=0x000000000231de98 mode 2
Event: 1.991 Executing VM operation: ForceSafepoint
Event: 1.992 Executing VM operation: ForceSafepoint done
Event: 2.027 Thread 0x0000000017c54000 DEOPT PACKING pc=0x00000000027b4a27 sp=0x00000000187fe840
Event: 2.027 Thread 0x0000000017c54000 DEOPT UNPACKING pc=0x000000000246787f sp=0x00000000187fe5d8 mode 0


Dynamic libraries:
0x00007ff7d7a20000 - 0x00007ff7d7a57000 	C:\Program Files\Java\jdk1.8.0_66\bin\java.exe
0x00007ffe468e0000 - 0x00007ffe46aa1000 	C:\Windows\SYSTEM32\ntdll.dll
0x00007ffe461b0000 - 0x00007ffe4625d000 	C:\Windows\system32\KERNEL32.DLL
0x00007ffe430c0000 - 0x00007ffe432a8000 	C:\Windows\system32\KERNELBASE.dll
0x00007ffe45a50000 - 0x00007ffe45af7000 	C:\Windows\system32\ADVAPI32.dll
0x00007ffe43eb0000 - 0x00007ffe43f4d000 	C:\Windows\system32\msvcrt.dll
0x00007ffe45860000 - 0x00007ffe458bb000 	C:\Windows\system32\sechost.dll
0x00007ffe46260000 - 0x00007ffe4637c000 	C:\Windows\system32\RPCRT4.dll
0x00007ffe46580000 - 0x00007ffe466d6000 	C:\Windows\system32\USER32.dll
0x00007ffe45670000 - 0x00007ffe457f6000 	C:\Windows\system32\GDI32.dll
0x00007ffe3ea50000 - 0x00007ffe3ecc4000 	C:\Windows\WinSxS\amd64_microsoft.windows.common-controls_6595b64144ccf1df_6.0.10586.0_none_8c15ae12515e1c22\COMCTL32.dll
0x00007ffe45f30000 - 0x00007ffe461ad000 	C:\Windows\system32\combase.dll
0x00007ffe42f90000 - 0x00007ffe42ffa000 	C:\Windows\system32\bcryptPrimitives.dll
0x00007ffe46750000 - 0x00007ffe4678b000 	C:\Windows\system32\IMM32.DLL
0x000000005f080000 - 0x000000005f152000 	C:\Program Files\Java\jdk1.8.0_66\jre\bin\msvcr100.dll
0x000000005f850000 - 0x00000000600d9000 	C:\Program Files\Java\jdk1.8.0_66\jre\bin\server\jvm.dll
0x00007ffe43ea0000 - 0x00007ffe43ea8000 	C:\Windows\system32\PSAPI.DLL
0x00007ffe31990000 - 0x00007ffe31999000 	C:\Windows\SYSTEM32\WSOCK32.dll
0x00007ffe458c0000 - 0x00007ffe4592b000 	C:\Windows\system32\WS2_32.dll
0x00007ffe41150000 - 0x00007ffe41173000 	C:\Windows\SYSTEM32\WINMM.dll
0x00007ffe3edc0000 - 0x00007ffe3edca000 	C:\Windows\SYSTEM32\VERSION.dll
0x00007ffe41120000 - 0x00007ffe4114c000 	C:\Windows\SYSTEM32\WINMMBASE.dll
0x00007ffe43330000 - 0x00007ffe43373000 	C:\Windows\system32\cfgmgr32.dll
0x000000005f840000 - 0x000000005f84f000 	C:\Program Files\Java\jdk1.8.0_66\jre\bin\verify.dll
0x000000005f810000 - 0x000000005f839000 	C:\Program Files\Java\jdk1.8.0_66\jre\bin\java.dll
0x000000005f7f0000 - 0x000000005f806000 	C:\Program Files\Java\jdk1.8.0_66\jre\bin\zip.dll
0x00007ffe440b0000 - 0x00007ffe4560c000 	C:\Windows\system32\SHELL32.dll
0x00007ffe43600000 - 0x00007ffe43c44000 	C:\Windows\system32\windows.storage.dll
0x00007ffe45800000 - 0x00007ffe45852000 	C:\Windows\system32\shlwapi.dll
0x00007ffe42f30000 - 0x00007ffe42f3f000 	C:\Windows\system32\kernel.appcore.dll
0x00007ffe43000000 - 0x00007ffe430b5000 	C:\Windows\system32\shcore.dll
0x00007ffe42f40000 - 0x00007ffe42f8b000 	C:\Windows\system32\powrprof.dll
0x00007ffe42f10000 - 0x00007ffe42f24000 	C:\Windows\system32\profapi.dll

VM Arguments:
jvm_args: -Djava.awt.headless=true -Xmx1024M -Dfile.encoding=windows-1252 -Duser.country=US -Duser.language=en -Duser.variant 
java_command: com.android.dx.command.Main --dex --force-jumbo --num-threads=4 --multi-dex --output D:\Projects\Android\SwipeActivity\app\build\intermediates\transforms\dex\debug\folders\1000\10\internal_impl-23.4.0_87e8bcfdd20706baadd6b2b73c124ba7cb9d804d D:\Projects\Android\SwipeActivity\app\build\intermediates\exploded-aar\com.android.support\support-v4\23.4.0\jars\libs\internal_impl-23.4.0.jar
java_class_path (initial): D:\android-sdk\build-tools\23.0.3\lib\dx.jar
Launcher Type: SUN_STANDARD

Environment Variables:
JAVA_HOME=C:\Program Files\Java\jdk1.8.0_66
PATH=C:\ProgramData\Oracle\Java\javapath;C:\Windows\system32;C:\Windows;C:\Windows\System32\Wbem;C:\Windows\System32\WindowsPowerShell\v1.0\;c:\Program Files\Intel\WiFi\bin\;c:\Program Files\Common Files\Intel\WirelessCommon\;D:\android-sdk\platform-tools;D:\apps\arduino-1.6.5-r5\hardware\tools\avr\bin;C:\Program Files\Java\jdk1.8.0_66\bin.;C:\Program Files (x86)\Skype\Phone\;C:\Go\bin;C:\msys64\mingw64\bin;C:\Program Files\nodejs\;C:\Windows\system32;C:\Windows;C:\Windows\System32\Wbem;C:\Windows\System32\WindowsPowerShell\v1.0\;C:\Users\alexey\AppData\Local\Programs\Git\cmd;c:\Program Files\Intel\WiFi\bin\;c:\Program Files\Common Files\Intel\WirelessCommon\;C:\Users\alexey\AppData\Local\atom\bin;C:\Users\alexey\AppData\Roaming\npm
USERNAME=alexey
OS=Windows_NT
PROCESSOR_IDENTIFIER=Intel64 Family 6 Model 60 Stepping 3, GenuineIntel



---------------  S Y S T E M  ---------------

OS: Windows 10.0 , 64 bit Build 10586 (10.0.10586.0)

CPU:total 8 (4 cores per cpu, 2 threads per core) family 6 model 60 stepping 3, cmov, cx8, fxsr, mmx, sse, sse2, sse3, ssse3, sse4.1, sse4.2, popcnt, avx, avx2, aes, clmul, erms, lzcnt, ht, tsc, tscinvbit, bmi1, bmi2

Memory: 4k page, physical 16707608k(3991224k free), swap 18755608k(7012k free)

vm_info: Java HotSpot(TM) 64-Bit Server VM (25.66-b18) for windows-amd64 JRE (1.8.0_66-b18), built on Nov  9 2015 10:51:13 by "java_re" with MS VC++ 10.0 (VS2010)

time: Wed Jun 08 14:42:18 2016
elapsed time: 2 seconds (0d 0h 0m 2s)

