#
# There is insufficient memory for the Java Runtime Environment to continue.
# Native memory allocation (malloc) failed to allocate 1671696 bytes for Chunk::new
# Possible reasons:
#   The system is out of physical RAM or swap space
#   In 32 bit mode, the process size limit was hit
# Possible solutions:
#   Reduce memory load on the system
#   Increase physical memory or swap space
#   Check if swap backing store is full
#   Use 64 bit Java on a 64 bit OS
#   Decrease Java heap size (-Xmx/-Xms)
#   Decrease number of Java threads
#   Decrease Java thread stack sizes (-Xss)
#   Set larger code cache with -XX:ReservedCodeCacheSize=
# This output file may be truncated or incomplete.
#
#  Out of Memory Error (allocation.cpp:390), pid=17084, tid=13316
#
# JRE version: Java(TM) SE Runtime Environment (8.0_66-b18) (build 1.8.0_66-b18)
# Java VM: Java HotSpot(TM) 64-Bit Server VM (25.66-b18 mixed mode windows-amd64 compressed oops)
# Failed to write core dump. Minidumps are not enabled by default on client versions of Windows
#

---------------  T H R E A D  ---------------

Current thread (0x0000000016f4f000):  JavaThread "C2 CompilerThread2" daemon [_thread_in_native, id=13316, stack(0x0000000017720000,0x0000000017820000)]

Stack: [0x0000000017720000,0x0000000017820000]
[error occurred during error reporting (printing stack bounds), id 0xc0000005]

Native frames: (J=compiled Java code, j=interpreted, Vv=VM code, C=native code)


Current CompileTask:
C2:   2046 1472   !   4       com.android.dx.cf.cst.ConstantPoolParser::parse0 (731 bytes)


---------------  P R O C E S S  ---------------

Java Threads: ( => current thread )
  0x0000000017254000 JavaThread "pool-2-thread-4" [_thread_blocked, id=24956, stack(0x0000000018720000,0x0000000018820000)]
  0x0000000017251000 JavaThread "pool-2-thread-3" [_thread_blocked, id=20656, stack(0x0000000018620000,0x0000000018720000)]
  0x0000000017319000 JavaThread "pool-2-thread-2" [_thread_in_Java, id=27980, stack(0x0000000018520000,0x0000000018620000)]
  0x0000000017317000 JavaThread "pool-3-thread-1" [_thread_blocked, id=28608, stack(0x0000000018420000,0x0000000018520000)]
  0x00000000172e2000 JavaThread "pool-2-thread-1" [_thread_blocked, id=10284, stack(0x0000000018320000,0x0000000018420000)]
  0x0000000016f58800 JavaThread "Service Thread" daemon [_thread_blocked, id=22684, stack(0x0000000017920000,0x0000000017a20000)]
  0x0000000016f53000 JavaThread "C1 CompilerThread3" daemon [_thread_in_native, id=25288, stack(0x0000000017820000,0x0000000017920000)]
=>0x0000000016f4f000 JavaThread "C2 CompilerThread2" daemon [_thread_in_native, id=13316, stack(0x0000000017720000,0x0000000017820000)]
  0x0000000016f4d000 JavaThread "C2 CompilerThread1" daemon [_thread_in_native, id=23640, stack(0x0000000017620000,0x0000000017720000)]
  0x0000000016f47000 JavaThread "C2 CompilerThread0" daemon [_thread_in_native, id=17884, stack(0x0000000017520000,0x0000000017620000)]
  0x0000000016f45800 JavaThread "Attach Listener" daemon [_thread_blocked, id=8244, stack(0x0000000017420000,0x0000000017520000)]
  0x0000000016f44800 JavaThread "Signal Dispatcher" daemon [_thread_blocked, id=11100, stack(0x0000000017320000,0x0000000017420000)]
  0x000000000233b800 JavaThread "Finalizer" daemon [_thread_blocked, id=26432, stack(0x0000000016d40000,0x0000000016e40000)]
  0x0000000014e5d800 JavaThread "Reference Handler" daemon [_thread_blocked, id=6464, stack(0x0000000016c40000,0x0000000016d40000)]
  0x0000000002240800 JavaThread "main" [_thread_blocked, id=25948, stack(0x0000000002140000,0x0000000002240000)]

Other Threads:
  0x0000000014e59000 VMThread [stack: 0x0000000016b40000,0x0000000016c40000] [id=19020]
  0x0000000016ffd800 WatcherThread [stack: 0x0000000017a20000,0x0000000017b20000] [id=25432]

VM state:not at safepoint (normal execution)

VM Mutex/Monitor currently owned by a thread: None

Heap:
 PSYoungGen      total 76288K, used 18643K [0x00000000eab00000, 0x00000000f0000000, 0x0000000100000000)
  eden space 65536K, 13% used [0x00000000eab00000,0x00000000eb3bae30,0x00000000eeb00000)
  from space 10752K, 90% used [0x00000000eeb00000,0x00000000ef479f40,0x00000000ef580000)
  to   space 10752K, 0% used [0x00000000ef580000,0x00000000ef580000,0x00000000f0000000)
 ParOldGen       total 175104K, used 8K [0x00000000c0000000, 0x00000000cab00000, 0x00000000eab00000)
  object space 175104K, 0% used [0x00000000c0000000,0x00000000c0002000,0x00000000cab00000)
 Metaspace       used 6120K, capacity 7024K, committed 7296K, reserved 1056768K
  class space    used 601K, capacity 616K, committed 640K, reserved 1048576K

Card table byte_map: [0x0000000011700000,0x0000000011910000] byte_map_base: 0x0000000011100000

Marking Bits: (ParMarkBitMap*) 0x000000006005a5b0
 Begin Bits: [0x0000000012270000, 0x0000000013270000)
 End Bits:   [0x0000000013270000, 0x0000000014270000)

Polling page: 0x0000000002080000

CodeCache: size=245760Kb used=6102Kb max_used=6125Kb free=239657Kb
 bounds [0x0000000002340000, 0x0000000002950000, 0x0000000011340000]
 total_blobs=1733 nmethods=1464 adapters=182
 compilation: enabled

Compilation events (10 events):
Event: 1.791 Thread 0x0000000016f53000 nmethod 1465 0x000000000292ba10 code [0x000000000292bcc0, 0x000000000292ce18]
Event: 1.794 Thread 0x0000000016f53000 1474       3       com.android.dx.rop.type.Prototype::compareTo (120 bytes)
Event: 1.795 Thread 0x0000000016f53000 nmethod 1474 0x000000000292d9d0 code [0x000000000292dbe0, 0x000000000292ea78]
Event: 1.796 Thread 0x0000000016f53000 1475       3       com.android.dx.cf.code.LocalVariableList::concat (97 bytes)
Event: 1.797 Thread 0x0000000016f53000 nmethod 1475 0x000000000292f190 code [0x000000000292f4c0, 0x0000000002931208]
Event: 1.797 Thread 0x0000000016f53000 1476   !   3       com.android.dx.cf.code.BytecodeArray::parseInstruction (2764 bytes)
Event: 1.915 Thread 0x0000000016f4f000 nmethod 1382 0x00000000029387d0 code [0x0000000002938be0, 0x000000000293bf78]
Event: 1.915 Thread 0x0000000016f4f000 1449       4       com.android.dx.rop.code.RegisterSpec::make (7 bytes)
Event: 1.915 Thread 0x0000000016f4f000 nmethod 1449 0x00000000028dd5d0 code [0x00000000028dd720, 0x00000000028dd788]
Event: 1.915 Thread 0x0000000016f4f000 1472   !   4       com.android.dx.cf.cst.ConstantPoolParser::parse0 (731 bytes)

GC Heap History (2 events):
Event: 1.800 GC heap before
{Heap before GC invocations=1 (full 0):
 PSYoungGen      total 76288K, used 65536K [0x00000000eab00000, 0x00000000f0000000, 0x0000000100000000)
  eden space 65536K, 100% used [0x00000000eab00000,0x00000000eeb00000,0x00000000eeb00000)
  from space 10752K, 0% used [0x00000000ef580000,0x00000000ef580000,0x00000000f0000000)
  to   space 10752K, 0% used [0x00000000eeb00000,0x00000000eeb00000,0x00000000ef580000)
 ParOldGen       total 175104K, used 0K [0x00000000c0000000, 0x00000000cab00000, 0x00000000eab00000)
  object space 175104K, 0% used [0x00000000c0000000,0x00000000c0000000,0x00000000cab00000)
 Metaspace       used 6108K, capacity 7024K, committed 7296K, reserved 1056768K
  class space    used 601K, capacity 616K, committed 640K, reserved 1048576K
Event: 1.910 GC heap after
Heap after GC invocations=1 (full 0):
 PSYoungGen      total 76288K, used 9703K [0x00000000eab00000, 0x00000000f0000000, 0x0000000100000000)
  eden space 65536K, 0% used [0x00000000eab00000,0x00000000eab00000,0x00000000eeb00000)
  from space 10752K, 90% used [0x00000000eeb00000,0x00000000ef479f40,0x00000000ef580000)
  to   space 10752K, 0% used [0x00000000ef580000,0x00000000ef580000,0x00000000f0000000)
 ParOldGen       total 175104K, used 8K [0x00000000c0000000, 0x00000000cab00000, 0x00000000eab00000)
  object space 175104K, 0% used [0x00000000c0000000,0x00000000c0002000,0x00000000cab00000)
 Metaspace       used 6108K, capacity 7024K, committed 7296K, reserved 1056768K
  class space    used 601K, capacity 616K, committed 640K, reserved 1048576K
}

Deoptimization events (10 events):
Event: 1.466 Thread 0x0000000017319000 Uncommon trap: reason=unstable_if action=reinterpret pc=0x0000000002760b54 method=com.android.dx.util.LabeledList.set(ILcom/android/dx/util/LabeledItem;)V @ 16
Event: 1.646 Thread 0x00000000172e2000 Uncommon trap: reason=unstable_if action=reinterpret pc=0x000000000272a878 method=com.android.dx.cf.code.Ropper.labelToResultIndex(I)I @ 34
Event: 1.647 Thread 0x00000000172e2000 Uncommon trap: reason=unstable_if action=reinterpret pc=0x00000000028a0c54 method=com.android.dx.ssa.LocalVariableExtractor.processBlock(I)V @ 77
Event: 1.673 Thread 0x00000000172e2000 Uncommon trap: reason=bimorphic action=maybe_recompile pc=0x000000000282fe30 method=com.android.dx.ssa.LiteralOpUpgrader.tryReplacingWithConstant(Lcom/android/dx/ssa/NormalSsaInsn;)Z @ 52
Event: 1.769 Thread 0x0000000017251000 Uncommon trap: reason=bimorphic action=maybe_recompile pc=0x00000000028ec9bc method=com.android.dx.cf.code.BytecodeArray.parseInstruction(ILcom/android/dx/cf/code/BytecodeArray$Visitor;)I @ 2484
Event: 1.769 Thread 0x0000000017251000 Uncommon trap: reason=bimorphic action=maybe_recompile pc=0x00000000028ec9bc method=com.android.dx.cf.code.BytecodeArray.parseInstruction(ILcom/android/dx/cf/code/BytecodeArray$Visitor;)I @ 2484
Event: 1.797 Thread 0x0000000017251000 Uncommon trap: reason=unstable_if action=reinterpret pc=0x00000000028eca28 method=com.android.dx.cf.code.ByteCatchList.listFor(I)Lcom/android/dx/cf/code/ByteCatchList; @ 19
Event: 1.945 Thread 0x0000000002240800 Uncommon trap: reason=unstable_if action=reinterpret pc=0x0000000002616bac method=com.android.dx.rop.code.RegisterSpecSet.put(Lcom/android/dx/rop/code/RegisterSpec;)V @ 77
Event: 1.945 Thread 0x0000000002240800 Uncommon trap: reason=unstable_if action=reinterpret pc=0x000000000266b86c method=com.android.dx.rop.code.RegisterSpecSet.put(Lcom/android/dx/rop/code/RegisterSpec;)V @ 77
Event: 1.946 Thread 0x0000000002240800 Uncommon trap: reason=unstable_if action=reinterpret pc=0x000000000290c3c8 method=com.android.dx.rop.code.RegisterSpecSet.put(Lcom/android/dx/rop/code/RegisterSpec;)V @ 77

Internal exceptions (3 events):
Event: 0.048 Thread 0x0000000002240800 Exception <a 'java/lang/NoSuchMethodError': Method sun.misc.Unsafe.defineClass(Ljava/lang/String;[BII)Ljava/lang/Class; name or signature does not match> (0x00000000eab0d6b0) thrown at [C:\re\workspace\8-2-build-windows-amd64-cygwin\jdk8u66\5298\hotspot\srM•¬„l¨?
Event: 0.048 Thread 0x0000000002240800 Exception <a 'java/lang/NoSuchMethodError': Method sun.misc.Unsafe.prefetchRead(Ljava/lang/Object;J)V name or signature does not match> (0x00000000eab0d998) thrown at [C:\re\workspace\8-2-build-windows-amd64-cygwin\jdk8u66\5298\hotspot\src\share\vm\prims\j¼³ž®?÷?
Event: 1.453 Thread 0x0000000017319000 Implicit null exception at 0x000000000260ad62 to 0x000000000260ae69

Events (10 events):
Event: 1.926 Thread 0x0000000017319000 DEOPT UNPACKING pc=0x000000000238787f sp=0x000000001861e668 mode 0
Event: 1.945 Thread 0x0000000002240800 Uncommon trap: trap_request=0xffffff65 fr.pc=0x0000000002616bac
Event: 1.945 Thread 0x0000000002240800 DEOPT PACKING pc=0x0000000002616bac sp=0x000000000223e0a0
Event: 1.945 Thread 0x0000000002240800 DEOPT UNPACKING pc=0x000000000238582a sp=0x000000000223e028 mode 2
Event: 1.945 Thread 0x0000000002240800 Uncommon trap: trap_request=0xffffff65 fr.pc=0x000000000266b86c
Event: 1.945 Thread 0x0000000002240800 DEOPT PACKING pc=0x000000000266b86c sp=0x000000000223e090
Event: 1.945 Thread 0x0000000002240800 DEOPT UNPACKING pc=0x000000000238582a sp=0x000000000223dfb0 mode 2
Event: 1.945 Thread 0x0000000002240800 Uncommon trap: trap_request=0xffffff65 fr.pc=0x000000000290c3c8
Event: 1.946 Thread 0x0000000002240800 DEOPT PACKING pc=0x000000000290c3c8 sp=0x000000000223e020
Event: 1.946 Thread 0x0000000002240800 DEOPT UNPACKING pc=0x000000000238582a sp=0x000000000223df30 mode 2


Dynamic libraries:
0x00007ff7d7a20000 - 0x00007ff7d7a57000 	C:\Program Files\Java\jdk1.8.0_66\bin\java.exe
0x00007ffe468e0000 - 0x00007ffe46aa1000 	C:\Windows\SYSTEM32\ntdll.dll
0x00007ffe461b0000 - 0x00007ffe4625d000 	C:\Windows\system32\KERNEL32.DLL
0x00007ffe430c0000 - 0x00007ffe432a8000 	C:\Windows\system32\KERNELBASE.dll
0x00007ffe45a50000 - 0x00007ffe45af7000 	C:\Windows\system32\ADVAPI32.dll
0x00007ffe43eb0000 - 0x00007ffe43f4d000 	C:\Windows\system32\msvcrt.dll
0x00007ffe45860000 - 0x00007ffe458bb000 	C:\Windows\system32\sechost.dll
0x00007ffe46260000 - 0x00007ffe4637c000 	C:\Windows\system32\RPCRT4.dll
0x00007ffe46580000 - 0x00007ffe466d6000 	C:\Windows\system32\USER32.dll
0x00007ffe45670000 - 0x00007ffe457f6000 	C:\Windows\system32\GDI32.dll
0x00007ffe3ea50000 - 0x00007ffe3ecc4000 	C:\Windows\WinSxS\amd64_microsoft.windows.common-controls_6595b64144ccf1df_6.0.10586.0_none_8c15ae12515e1c22\COMCTL32.dll
0x00007ffe45f30000 - 0x00007ffe461ad000 	C:\Windows\system32\combase.dll
0x00007ffe42f90000 - 0x00007ffe42ffa000 	C:\Windows\system32\bcryptPrimitives.dll
0x00007ffe46750000 - 0x00007ffe4678b000 	C:\Windows\system32\IMM32.DLL
0x000000005f080000 - 0x000000005f152000 	C:\Program Files\Java\jdk1.8.0_66\jre\bin\msvcr100.dll
0x000000005f850000 - 0x00000000600d9000 	C:\Program Files\Java\jdk1.8.0_66\jre\bin\server\jvm.dll
0x00007ffe43ea0000 - 0x00007ffe43ea8000 	C:\Windows\system32\PSAPI.DLL
0x00007ffe31990000 - 0x00007ffe31999000 	C:\Windows\SYSTEM32\WSOCK32.dll
0x00007ffe458c0000 - 0x00007ffe4592b000 	C:\Windows\system32\WS2_32.dll
0x00007ffe41150000 - 0x00007ffe41173000 	C:\Windows\SYSTEM32\WINMM.dll
0x00007ffe3edc0000 - 0x00007ffe3edca000 	C:\Windows\SYSTEM32\VERSION.dll
0x00007ffe41120000 - 0x00007ffe4114c000 	C:\Windows\SYSTEM32\WINMMBASE.dll
0x00007ffe43330000 - 0x00007ffe43373000 	C:\Windows\system32\cfgmgr32.dll
0x000000005f840000 - 0x000000005f84f000 	C:\Program Files\Java\jdk1.8.0_66\jre\bin\verify.dll
0x000000005f810000 - 0x000000005f839000 	C:\Program Files\Java\jdk1.8.0_66\jre\bin\java.dll
0x000000005f7f0000 - 0x000000005f806000 	C:\Program Files\Java\jdk1.8.0_66\jre\bin\zip.dll
0x00007ffe440b0000 - 0x00007ffe4560c000 	C:\Windows\system32\SHELL32.dll
0x00007ffe43600000 - 0x00007ffe43c44000 	C:\Windows\system32\windows.storage.dll
0x00007ffe45800000 - 0x00007ffe45852000 	C:\Windows\system32\shlwapi.dll
0x00007ffe42f30000 - 0x00007ffe42f3f000 	C:\Windows\system32\kernel.appcore.dll
0x00007ffe43000000 - 0x00007ffe430b5000 	C:\Windows\system32\shcore.dll
0x00007ffe42f40000 - 0x00007ffe42f8b000 	C:\Windows\system32\powrprof.dll
0x00007ffe42f10000 - 0x00007ffe42f24000 	C:\Windows\system32\profapi.dll

VM Arguments:
jvm_args: -Djava.awt.headless=true -Xmx1024M -Dfile.encoding=windows-1252 -Duser.country=US -Duser.language=en -Duser.variant 
java_command: com.android.dx.command.Main --dex --force-jumbo --num-threads=4 --multi-dex --output D:\Projects\Android\SwipeActivity\app\build\intermediates\transforms\dex\debug\folders\1000\10\com.android.support-support-v4-23.4.0_afb0aec08c998a1c940b21a53128b0b4162aae4d D:\Projects\Android\SwipeActivity\app\build\intermediates\exploded-aar\com.android.support\support-v4\23.4.0\jars\classes.jar
java_class_path (initial): D:\android-sdk\build-tools\23.0.3\lib\dx.jar
Launcher Type: SUN_STANDARD

Environment Variables:
JAVA_HOME=C:\Program Files\Java\jdk1.8.0_66
PATH=C:\ProgramData\Oracle\Java\javapath;C:\Windows\system32;C:\Windows;C:\Windows\System32\Wbem;C:\Windows\System32\WindowsPowerShell\v1.0\;c:\Program Files\Intel\WiFi\bin\;c:\Program Files\Common Files\Intel\WirelessCommon\;D:\android-sdk\platform-tools;D:\apps\arduino-1.6.5-r5\hardware\tools\avr\bin;C:\Program Files\Java\jdk1.8.0_66\bin.;C:\Program Files (x86)\Skype\Phone\;C:\Go\bin;C:\msys64\mingw64\bin;C:\Program Files\nodejs\;C:\Windows\system32;C:\Windows;C:\Windows\System32\Wbem;C:\Windows\System32\WindowsPowerShell\v1.0\;C:\Users\alexey\AppData\Local\Programs\Git\cmd;c:\Program Files\Intel\WiFi\bin\;c:\Program Files\Common Files\Intel\WirelessCommon\;C:\Users\alexey\AppData\Local\atom\bin;C:\Users\alexey\AppData\Roaming\npm
USERNAME=alexey
OS=Windows_NT
PROCESSOR_IDENTIFIER=Intel64 Family 6 Model 60 Stepping 3, GenuineIntel



---------------  S Y S T E M  ---------------

OS: Windows 10.0 , 64 bit Build 10586 (10.0.10586.0)

CPU:total 8 (4 cores per cpu, 2 threads per core) family 6 model 60 stepping 3, cmov, cx8, fxsr, mmx, sse, sse2, sse3, ssse3, sse4.1, sse4.2, popcnt, avx, avx2, aes, clmul, erms, lzcnt, ht, tsc, tscinvbit, bmi1, bmi2

Memory: 4k page, physical 16707608k(3992852k free), swap 18755600k(5132k free)

vm_info: Java HotSpot(TM) 64-Bit Server VM (25.66-b18) for windows-amd64 JRE (1.8.0_66-b18), built on Nov  9 2015 10:51:13 by "java_re" with MS VC++ 10.0 (VS2010)

time: Wed Jun 08 14:42:18 2016
elapsed time: 2 seconds (0d 0h 0m 2s)

