#
# There is insufficient memory for the Java Runtime Environment to continue.
# Native memory allocation (malloc) failed to allocate 1851296 bytes for Chunk::new
# Possible reasons:
#   The system is out of physical RAM or swap space
#   In 32 bit mode, the process size limit was hit
# Possible solutions:
#   Reduce memory load on the system
#   Increase physical memory or swap space
#   Check if swap backing store is full
#   Use 64 bit Java on a 64 bit OS
#   Decrease Java heap size (-Xmx/-Xms)
#   Decrease number of Java threads
#   Decrease Java thread stack sizes (-Xss)
#   Set larger code cache with -XX:ReservedCodeCacheSize=
# This output file may be truncated or incomplete.
#
#  Out of Memory Error (allocation.cpp:390), pid=11436, tid=24124
#
# JRE version: Java(TM) SE Runtime Environment (8.0_66-b18) (build 1.8.0_66-b18)
# Java VM: Java HotSpot(TM) 64-Bit Server VM (25.66-b18 mixed mode windows-amd64 compressed oops)
# Failed to write core dump. Minidumps are not enabled by default on client versions of Windows
#

---------------  T H R E A D  ---------------

Current thread (0x0000000016f1d800):  JavaThread "C2 CompilerThread2" daemon [_thread_in_native, id=24124, stack(0x00000000176e0000,0x00000000177e0000)]

Stack: [0x00000000176e0000,0x00000000177e0000]
[error occurred during error reporting (printing stack bounds), id 0xc0000005]

Native frames: (J=compiled Java code, j=interpreted, Vv=VM code, C=native code)


Current CompileTask:
C2:   3314 1895   !   4       com.android.dx.cf.code.BytecodeArray::parseInstruction (2764 bytes)


---------------  P R O C E S S  ---------------

Java Threads: ( => current thread )
  0x0000000017238000 JavaThread "pool-2-thread-4" [_thread_blocked, id=25128, stack(0x00000000186e0000,0x00000000187e0000)]
  0x000000001723d000 JavaThread "pool-2-thread-3" [_thread_blocked, id=5104, stack(0x00000000185e0000,0x00000000186e0000)]
  0x0000000017212800 JavaThread "pool-2-thread-2" [_thread_blocked, id=21416, stack(0x00000000184e0000,0x00000000185e0000)]
  0x00000000171ca800 JavaThread "pool-3-thread-1" [_thread_blocked, id=22668, stack(0x00000000183e0000,0x00000000184e0000)]
  0x00000000172c5800 JavaThread "pool-2-thread-1" [_thread_blocked, id=27140, stack(0x00000000182e0000,0x00000000183e0000)]
  0x0000000016fa0800 JavaThread "Service Thread" daemon [_thread_blocked, id=20048, stack(0x00000000178e0000,0x00000000179e0000)]
  0x0000000016f38800 JavaThread "C1 CompilerThread3" daemon [_thread_blocked, id=25804, stack(0x00000000177e0000,0x00000000178e0000)]
=>0x0000000016f1d800 JavaThread "C2 CompilerThread2" daemon [_thread_in_native, id=24124, stack(0x00000000176e0000,0x00000000177e0000)]
  0x0000000016f0b800 JavaThread "C2 CompilerThread1" daemon [_thread_in_native, id=8300, stack(0x00000000175e0000,0x00000000176e0000)]
  0x0000000016f05800 JavaThread "C2 CompilerThread0" daemon [_thread_in_native, id=3932, stack(0x00000000174e0000,0x00000000175e0000)]
  0x0000000016f03800 JavaThread "Attach Listener" daemon [_thread_blocked, id=10096, stack(0x00000000173e0000,0x00000000174e0000)]
  0x0000000014e3e800 JavaThread "Signal Dispatcher" daemon [_thread_blocked, id=24588, stack(0x00000000172e0000,0x00000000173e0000)]
  0x0000000002303800 JavaThread "Finalizer" daemon [_thread_blocked, id=8252, stack(0x0000000016d00000,0x0000000016e00000)]
  0x0000000002302000 JavaThread "Reference Handler" daemon [_thread_blocked, id=25176, stack(0x0000000016c00000,0x0000000016d00000)]
  0x0000000002210800 JavaThread "main" [_thread_in_Java, id=23728, stack(0x0000000002110000,0x0000000002210000)]

Other Threads:
  0x0000000014e29800 VMThread [stack: 0x0000000016b00000,0x0000000016c00000] [id=4592]
  0x0000000016fbc000 WatcherThread [stack: 0x00000000179e0000,0x0000000017ae0000] [id=6716]

VM state:not at safepoint (normal execution)

VM Mutex/Monitor currently owned by a thread: None

Heap:
 PSYoungGen      total 76288K, used 59651K [0x00000000eab00000, 0x00000000f4000000, 0x0000000100000000)
  eden space 65536K, 74% used [0x00000000eab00000,0x00000000edac2c70,0x00000000eeb00000)
  from space 10752K, 99% used [0x00000000eeb00000,0x00000000ef57e368,0x00000000ef580000)
  to   space 10752K, 0% used [0x00000000f3580000,0x00000000f3580000,0x00000000f4000000)
 ParOldGen       total 175104K, used 16700K [0x00000000c0000000, 0x00000000cab00000, 0x00000000eab00000)
  object space 175104K, 9% used [0x00000000c0000000,0x00000000c104f308,0x00000000cab00000)
 Metaspace       used 6398K, capacity 7192K, committed 7424K, reserved 1056768K
  class space    used 623K, capacity 656K, committed 768K, reserved 1048576K

Card table byte_map: [0x00000000116d0000,0x00000000118e0000] byte_map_base: 0x00000000110d0000

Marking Bits: (ParMarkBitMap*) 0x000000006005a5b0
 Begin Bits: [0x0000000012240000, 0x0000000013240000)
 End Bits:   [0x0000000013240000, 0x0000000014240000)

Polling page: 0x0000000001fc0000

CodeCache: size=245760Kb used=8164Kb max_used=8164Kb free=237595Kb
 bounds [0x0000000002310000, 0x0000000002b20000, 0x0000000011310000]
 total_blobs=2138 nmethods=1868 adapters=182
 compilation: enabled

Compilation events (10 events):
Event: 3.155 Thread 0x0000000016f38800 1911       2       com.android.dx.ssa.LocalVariableExtractor::processBlock (383 bytes)
Event: 3.157 Thread 0x0000000016f38800 nmethod 1911 0x0000000002b0c390 code [0x0000000002b0c700, 0x0000000002b0d8f8]
Event: 3.182 Thread 0x0000000016f38800 1913 %     3       java.util.HashMap::getNode @ 98 (148 bytes)
Event: 3.183 Thread 0x0000000016f38800 nmethod 1913% 0x0000000002ae9090 code [0x0000000002ae9280, 0x0000000002ae9fa8]
Event: 3.188 Thread 0x0000000016f38800 1915       3       java.util.HashMap::getNode (148 bytes)
Event: 3.189 Thread 0x0000000016f38800 nmethod 1915 0x0000000002b0f990 code [0x0000000002b0fb80, 0x0000000002b107e8]
Event: 3.243 Thread 0x0000000016f38800 1918       2       com.android.dx.cf.code.SwitchList::add (35 bytes)
Event: 3.243 Thread 0x0000000016f38800 nmethod 1918 0x0000000002ae8990 code [0x0000000002ae8b20, 0x0000000002ae8e58]
Event: 3.248 Thread 0x0000000016f38800 1919       2       com.android.dx.rop.code.RegisterSpecList::indexOfRegister (38 bytes)
Event: 3.248 Thread 0x0000000016f38800 nmethod 1919 0x0000000002b10c90 code [0x0000000002b10e00, 0x0000000002b11068]

GC Heap History (6 events):
Event: 2.421 GC heap before
{Heap before GC invocations=1 (full 0):
 PSYoungGen      total 76288K, used 65536K [0x00000000eab00000, 0x00000000f0000000, 0x0000000100000000)
  eden space 65536K, 100% used [0x00000000eab00000,0x00000000eeb00000,0x00000000eeb00000)
  from space 10752K, 0% used [0x00000000ef580000,0x00000000ef580000,0x00000000f0000000)
  to   space 10752K, 0% used [0x00000000eeb00000,0x00000000eeb00000,0x00000000ef580000)
 ParOldGen       total 175104K, used 0K [0x00000000c0000000, 0x00000000cab00000, 0x00000000eab00000)
  object space 175104K, 0% used [0x00000000c0000000,0x00000000c0000000,0x00000000cab00000)
 Metaspace       used 6157K, capacity 7088K, committed 7296K, reserved 1056768K
  class space    used 602K, capacity 616K, committed 640K, reserved 1048576K
Event: 2.437 GC heap after
Heap after GC invocations=1 (full 0):
 PSYoungGen      total 76288K, used 10524K [0x00000000eab00000, 0x00000000f0000000, 0x0000000100000000)
  eden space 65536K, 0% used [0x00000000eab00000,0x00000000eab00000,0x00000000eeb00000)
  from space 10752K, 97% used [0x00000000eeb00000,0x00000000ef547358,0x00000000ef580000)
  to   space 10752K, 0% used [0x00000000ef580000,0x00000000ef580000,0x00000000f0000000)
 ParOldGen       total 175104K, used 8K [0x00000000c0000000, 0x00000000cab00000, 0x00000000eab00000)
  object space 175104K, 0% used [0x00000000c0000000,0x00000000c0002000,0x00000000cab00000)
 Metaspace       used 6157K, capacity 7088K, committed 7296K, reserved 1056768K
  class space    used 602K, capacity 616K, committed 640K, reserved 1048576K
}
Event: 2.738 GC heap before
{Heap before GC invocations=2 (full 0):
 PSYoungGen      total 76288K, used 76060K [0x00000000eab00000, 0x00000000f0000000, 0x0000000100000000)
  eden space 65536K, 100% used [0x00000000eab00000,0x00000000eeb00000,0x00000000eeb00000)
  from space 10752K, 97% used [0x00000000eeb00000,0x00000000ef547358,0x00000000ef580000)
  to   space 10752K, 0% used [0x00000000ef580000,0x00000000ef580000,0x00000000f0000000)
 ParOldGen       total 175104K, used 8K [0x00000000c0000000, 0x00000000cab00000, 0x00000000eab00000)
  object space 175104K, 0% used [0x00000000c0000000,0x00000000c0002000,0x00000000cab00000)
 Metaspace       used 6349K, capacity 7192K, committed 7424K, reserved 1056768K
  class space    used 623K, capacity 656K, committed 768K, reserved 1048576K
Event: 2.760 GC heap after
Heap after GC invocations=2 (full 0):
 PSYoungGen      total 76288K, used 10732K [0x00000000eab00000, 0x00000000f4000000, 0x0000000100000000)
  eden space 65536K, 0% used [0x00000000eab00000,0x00000000eab00000,0x00000000eeb00000)
  from space 10752K, 99% used [0x00000000ef580000,0x00000000efffb398,0x00000000f0000000)
  to   space 10752K, 0% used [0x00000000eeb00000,0x00000000eeb00000,0x00000000ef580000)
 ParOldGen       total 175104K, used 7685K [0x00000000c0000000, 0x00000000cab00000, 0x00000000eab00000)
  object space 175104K, 4% used [0x00000000c0000000,0x00000000c07816b0,0x00000000cab00000)
 Metaspace       used 6349K, capacity 7192K, committed 7424K, reserved 1056768K
  class space    used 623K, capacity 656K, committed 768K, reserved 1048576K
}
Event: 2.978 GC heap before
{Heap before GC invocations=3 (full 0):
 PSYoungGen      total 76288K, used 76268K [0x00000000eab00000, 0x00000000f4000000, 0x0000000100000000)
  eden space 65536K, 100% used [0x00000000eab00000,0x00000000eeb00000,0x00000000eeb00000)
  from space 10752K, 99% used [0x00000000ef580000,0x00000000efffb398,0x00000000f0000000)
  to   space 10752K, 0% used [0x00000000eeb00000,0x00000000eeb00000,0x00000000ef580000)
 ParOldGen       total 175104K, used 7685K [0x00000000c0000000, 0x00000000cab00000, 0x00000000eab00000)
  object space 175104K, 4% used [0x00000000c0000000,0x00000000c07816b0,0x00000000cab00000)
 Metaspace       used 6378K, capacity 7192K, committed 7424K, reserved 1056768K
  class space    used 623K, capacity 656K, committed 768K, reserved 1048576K
Event: 3.009 GC heap after
Heap after GC invocations=3 (full 0):
 PSYoungGen      total 76288K, used 10744K [0x00000000eab00000, 0x00000000f4000000, 0x0000000100000000)
  eden space 65536K, 0% used [0x00000000eab00000,0x00000000eab00000,0x00000000eeb00000)
  from space 10752K, 99% used [0x00000000eeb00000,0x00000000ef57e368,0x00000000ef580000)
  to   space 10752K, 0% used [0x00000000f3580000,0x00000000f3580000,0x00000000f4000000)
 ParOldGen       total 175104K, used 16700K [0x00000000c0000000, 0x00000000cab00000, 0x00000000eab00000)
  object space 175104K, 9% used [0x00000000c0000000,0x00000000c104f308,0x00000000cab00000)
 Metaspace       used 6378K, capacity 7192K, committed 7424K, reserved 1056768K
  class space    used 623K, capacity 656K, committed 768K, reserved 1048576K
}

Deoptimization events (10 events):
Event: 3.056 Thread 0x000000001723d000 Uncommon trap: reason=bimorphic action=maybe_recompile pc=0x0000000002ae21c0 method=com.android.dx.ssa.LiteralOpUpgrader.tryReplacingWithConstant(Lcom/android/dx/ssa/NormalSsaInsn;)Z @ 62
Event: 3.090 Thread 0x0000000017212800 Uncommon trap: reason=unstable_if action=reinterpret pc=0x00000000027c0a0c method=com.android.dx.ssa.MoveParamCombiner$1.visitNonMoveInsn(Lcom/android/dx/ssa/NormalSsaInsn;)V @ 27
Event: 3.105 Thread 0x0000000017212800 Uncommon trap: reason=bimorphic action=maybe_recompile pc=0x0000000002af8b5c method=com.android.dx.cf.code.BytecodeArray.parseInstruction(ILcom/android/dx/cf/code/BytecodeArray$Visitor;)I @ 955
Event: 3.105 Thread 0x0000000017212800 Uncommon trap: reason=bimorphic action=maybe_recompile pc=0x0000000002af8bec method=com.android.dx.cf.code.BytecodeArray.parseInstruction(ILcom/android/dx/cf/code/BytecodeArray$Visitor;)I @ 971
Event: 3.105 Thread 0x0000000017212800 Uncommon trap: reason=bimorphic action=maybe_recompile pc=0x0000000002af8b5c method=com.android.dx.cf.code.BytecodeArray.parseInstruction(ILcom/android/dx/cf/code/BytecodeArray$Visitor;)I @ 955
Event: 3.105 Thread 0x0000000017212800 Uncommon trap: reason=bimorphic action=maybe_recompile pc=0x0000000002af8bec method=com.android.dx.cf.code.BytecodeArray.parseInstruction(ILcom/android/dx/cf/code/BytecodeArray$Visitor;)I @ 971
Event: 3.127 Thread 0x0000000017238000 Uncommon trap: reason=class_check action=maybe_recompile pc=0x0000000002ac63ac method=com.android.dx.cf.code.RopperMachine.run(Lcom/android/dx/cf/code/Frame;II)V @ 1024
Event: 3.138 Thread 0x0000000002210800 Uncommon trap: reason=bimorphic action=maybe_recompile pc=0x0000000002a581f0 method=com.android.dx.rop.code.RegisterSpec.withSimpleType()Lcom/android/dx/rop/code/RegisterSpec; @ 21
Event: 3.145 Thread 0x0000000002210800 Uncommon trap: reason=bimorphic action=maybe_recompile pc=0x0000000002896768 method=com.android.dx.ssa.SCCP.simulatePhi(Lcom/android/dx/ssa/PhiInsn;)V @ 124
Event: 3.154 Thread 0x0000000002210800 Uncommon trap: reason=bimorphic action=maybe_recompile pc=0x0000000002a581f0 method=com.android.dx.rop.code.RegisterSpec.withSimpleType()Lcom/android/dx/rop/code/RegisterSpec; @ 21

Internal exceptions (5 events):
Event: 0.059 Thread 0x0000000002210800 Exception <a 'java/lang/NoSuchMethodError': Method sun.misc.Unsafe.defineClass(Ljava/lang/String;[BII)Ljava/lang/Class; name or signature does not match> (0x00000000eab0d3c0) thrown at [C:\re\workspace\8-2-build-windows-amd64-cygwin\jdk8u66\5298\hotspot\sr€N³UŠ®?
Event: 0.059 Thread 0x0000000002210800 Exception <a 'java/lang/NoSuchMethodError': Method sun.misc.Unsafe.prefetchRead(Ljava/lang/Object;J)V name or signature does not match> (0x00000000eab0d6a8) thrown at [C:\re\workspace\8-2-build-windows-amd64-cygwin\jdk8u66\5298\hotspot\src\share\vm\prims\j‰æPÓ„:@
Event: 2.654 Thread 0x0000000017212800 Exception <a 'java/lang/ArrayIndexOutOfBoundsException': 18> (0x00000000ed928a18) thrown at [C:\re\workspace\8-2-build-windows-amd64-cygwin\jdk8u66\5298\hotspot\src\share\vm\interpreter\interpreterRuntime.cpp, line 366]
Event: 2.654 Thread 0x0000000017212800 Exception <a 'java/lang/ArrayIndexOutOfBoundsException': 145> (0x00000000ed92a598) thrown at [C:\re\workspace\8-2-build-windows-amd64-cygwin\jdk8u66\5298\hotspot\src\share\vm\interpreter\interpreterRuntime.cpp, line 366]
Event: 2.655 Thread 0x0000000017212800 Exception <a 'java/lang/ArrayIndexOutOfBoundsException'> (0x00000000ed92b880) thrown at [C:\re\workspace\8-2-build-windows-amd64-cygwin\jdk8u66\5298\hotspot\src\share\vm\runtime\sharedRuntime.cpp, line 605]

Events (10 events):
Event: 3.145 Thread 0x0000000002210800 Uncommon trap: trap_request=0xffffffc6 fr.pc=0x0000000002896768
Event: 3.145 Thread 0x0000000002210800 DEOPT PACKING pc=0x0000000002896768 sp=0x000000000220df80
Event: 3.145 Thread 0x0000000002210800 DEOPT UNPACKING pc=0x000000000235582a sp=0x000000000220df08 mode 2
Event: 3.154 Thread 0x0000000002210800 Uncommon trap: trap_request=0xffffffc6 fr.pc=0x0000000002a581f0
Event: 3.154 Thread 0x0000000002210800 DEOPT PACKING pc=0x0000000002a581f0 sp=0x000000000220dfd0
Event: 3.155 Thread 0x0000000002210800 DEOPT UNPACKING pc=0x000000000235582a sp=0x000000000220dee8 mode 2
Event: 3.174 Thread 0x0000000002210800 DEOPT PACKING pc=0x00000000027341f5 sp=0x000000000220e0a0
Event: 3.174 Thread 0x0000000002210800 DEOPT UNPACKING pc=0x000000000235787f sp=0x000000000220dd80 mode 0
Event: 3.275 Thread 0x0000000002210800 DEOPT PACKING pc=0x00000000027341f5 sp=0x000000000220e050
Event: 3.276 Thread 0x0000000002210800 DEOPT UNPACKING pc=0x000000000235787f sp=0x000000000220dd30 mode 0


Dynamic libraries:
0x00007ff7d7a20000 - 0x00007ff7d7a57000 	C:\Program Files\Java\jdk1.8.0_66\bin\java.exe
0x00007ffe468e0000 - 0x00007ffe46aa1000 	C:\Windows\SYSTEM32\ntdll.dll
0x00007ffe461b0000 - 0x00007ffe4625d000 	C:\Windows\system32\KERNEL32.DLL
0x00007ffe430c0000 - 0x00007ffe432a8000 	C:\Windows\system32\KERNELBASE.dll
0x00007ffe45a50000 - 0x00007ffe45af7000 	C:\Windows\system32\ADVAPI32.dll
0x00007ffe43eb0000 - 0x00007ffe43f4d000 	C:\Windows\system32\msvcrt.dll
0x00007ffe45860000 - 0x00007ffe458bb000 	C:\Windows\system32\sechost.dll
0x00007ffe46260000 - 0x00007ffe4637c000 	C:\Windows\system32\RPCRT4.dll
0x00007ffe46580000 - 0x00007ffe466d6000 	C:\Windows\system32\USER32.dll
0x00007ffe45670000 - 0x00007ffe457f6000 	C:\Windows\system32\GDI32.dll
0x00007ffe3ea50000 - 0x00007ffe3ecc4000 	C:\Windows\WinSxS\amd64_microsoft.windows.common-controls_6595b64144ccf1df_6.0.10586.0_none_8c15ae12515e1c22\COMCTL32.dll
0x00007ffe45f30000 - 0x00007ffe461ad000 	C:\Windows\system32\combase.dll
0x00007ffe42f90000 - 0x00007ffe42ffa000 	C:\Windows\system32\bcryptPrimitives.dll
0x00007ffe46750000 - 0x00007ffe4678b000 	C:\Windows\system32\IMM32.DLL
0x000000005f080000 - 0x000000005f152000 	C:\Program Files\Java\jdk1.8.0_66\jre\bin\msvcr100.dll
0x000000005f850000 - 0x00000000600d9000 	C:\Program Files\Java\jdk1.8.0_66\jre\bin\server\jvm.dll
0x00007ffe43ea0000 - 0x00007ffe43ea8000 	C:\Windows\system32\PSAPI.DLL
0x00007ffe31990000 - 0x00007ffe31999000 	C:\Windows\SYSTEM32\WSOCK32.dll
0x00007ffe458c0000 - 0x00007ffe4592b000 	C:\Windows\system32\WS2_32.dll
0x00007ffe41150000 - 0x00007ffe41173000 	C:\Windows\SYSTEM32\WINMM.dll
0x00007ffe3edc0000 - 0x00007ffe3edca000 	C:\Windows\SYSTEM32\VERSION.dll
0x00007ffe41120000 - 0x00007ffe4114c000 	C:\Windows\SYSTEM32\WINMMBASE.dll
0x00007ffe43330000 - 0x00007ffe43373000 	C:\Windows\system32\cfgmgr32.dll
0x000000005f840000 - 0x000000005f84f000 	C:\Program Files\Java\jdk1.8.0_66\jre\bin\verify.dll
0x000000005f810000 - 0x000000005f839000 	C:\Program Files\Java\jdk1.8.0_66\jre\bin\java.dll
0x000000005f7f0000 - 0x000000005f806000 	C:\Program Files\Java\jdk1.8.0_66\jre\bin\zip.dll
0x00007ffe440b0000 - 0x00007ffe4560c000 	C:\Windows\system32\SHELL32.dll
0x00007ffe43600000 - 0x00007ffe43c44000 	C:\Windows\system32\windows.storage.dll
0x00007ffe45800000 - 0x00007ffe45852000 	C:\Windows\system32\shlwapi.dll
0x00007ffe42f30000 - 0x00007ffe42f3f000 	C:\Windows\system32\kernel.appcore.dll
0x00007ffe43000000 - 0x00007ffe430b5000 	C:\Windows\system32\shcore.dll
0x00007ffe42f40000 - 0x00007ffe42f8b000 	C:\Windows\system32\powrprof.dll
0x00007ffe42f10000 - 0x00007ffe42f24000 	C:\Windows\system32\profapi.dll

VM Arguments:
jvm_args: -Djava.awt.headless=true -Xmx1024M -Dfile.encoding=windows-1252 -Duser.country=US -Duser.language=en -Duser.variant 
java_command: com.android.dx.command.Main --dex --force-jumbo --num-threads=4 --multi-dex --output D:\Projects\Android\SwipeActivity\app\build\intermediates\transforms\dex\debug\folders\1000\10\com.android.support-appcompat-v7-23.4.0_4687440c7e98240000c3d39ea4c2efe149982115 D:\Projects\Android\SwipeActivity\app\build\intermediates\exploded-aar\com.android.support\appcompat-v7\23.4.0\jars\classes.jar
java_class_path (initial): D:\android-sdk\build-tools\23.0.3\lib\dx.jar
Launcher Type: SUN_STANDARD

Environment Variables:
JAVA_HOME=C:\Program Files\Java\jdk1.8.0_66
PATH=C:\ProgramData\Oracle\Java\javapath;C:\Windows\system32;C:\Windows;C:\Windows\System32\Wbem;C:\Windows\System32\WindowsPowerShell\v1.0\;c:\Program Files\Intel\WiFi\bin\;c:\Program Files\Common Files\Intel\WirelessCommon\;D:\android-sdk\platform-tools;D:\apps\arduino-1.6.5-r5\hardware\tools\avr\bin;C:\Program Files\Java\jdk1.8.0_66\bin.;C:\Program Files (x86)\Skype\Phone\;C:\Go\bin;C:\msys64\mingw64\bin;C:\Program Files\nodejs\;C:\Windows\system32;C:\Windows;C:\Windows\System32\Wbem;C:\Windows\System32\WindowsPowerShell\v1.0\;C:\Users\alexey\AppData\Local\Programs\Git\cmd;c:\Program Files\Intel\WiFi\bin\;c:\Program Files\Common Files\Intel\WirelessCommon\;C:\Users\alexey\AppData\Local\atom\bin;C:\Users\alexey\AppData\Roaming\npm
USERNAME=alexey
OS=Windows_NT
PROCESSOR_IDENTIFIER=Intel64 Family 6 Model 60 Stepping 3, GenuineIntel



---------------  S Y S T E M  ---------------

OS: Windows 10.0 , 64 bit Build 10586 (10.0.10586.0)

CPU:total 8 (4 cores per cpu, 2 threads per core) family 6 model 60 stepping 3, cmov, cx8, fxsr, mmx, sse, sse2, sse3, ssse3, sse4.1, sse4.2, popcnt, avx, avx2, aes, clmul, erms, lzcnt, ht, tsc, tscinvbit, bmi1, bmi2

Memory: 4k page, physical 16707608k(4119720k free), swap 18755608k(6308k free)

vm_info: Java HotSpot(TM) 64-Bit Server VM (25.66-b18) for windows-amd64 JRE (1.8.0_66-b18), built on Nov  9 2015 10:51:13 by "java_re" with MS VC++ 10.0 (VS2010)

time: Wed Jun 08 14:42:19 2016
elapsed time: 3 seconds (0d 0h 0m 3s)

